TN:
SF:src/entities/User.ts
FN:9,User
FNF:1
FNH:1
FNDA:5,User
DA:1,1
DA:2,1
DA:3,1
DA:4,1
DA:5,1
DA:6,1
DA:7,1
DA:8,1
DA:9,1
DA:10,5
DA:11,5
DA:12,1
LF:12
LH:12
BRDA:9,0,0,5
BRF:1
BRH:1
end_of_record
TN:
SF:src/providers/implementations/MailtrapMailProvider.ts
FN:7,MailtrapMailProvider
FN:18,sendMail
FNF:2
FNH:1
FNDA:2,MailtrapMailProvider
FNDA:0,sendMail
DA:1,1
DA:2,1
DA:3,1
DA:4,1
DA:5,1
DA:6,1
DA:7,1
DA:8,2
DA:9,2
DA:10,2
DA:11,2
DA:12,2
DA:13,2
DA:14,2
DA:15,2
DA:16,2
DA:17,1
DA:18,1
DA:19,0
DA:20,0
DA:21,0
DA:22,0
DA:23,0
DA:24,0
DA:25,0
DA:26,0
DA:27,0
DA:28,0
DA:29,0
DA:30,0
DA:31,0
DA:32,1
LF:32
LH:19
BRDA:7,0,0,2
BRF:1
BRH:1
end_of_record
TN:
SF:src/repositories/implementations/PostgresUsersRepository.ts
FN:8,PostgresUsersRepository
FN:12,getList
FN:17,findByEmail
FN:27,findById
FN:40,save
FN:56,update
FNF:6
FNH:4
FNDA:2,PostgresUsersRepository
FNDA:0,getList
FNDA:3,findByEmail
FNDA:0,findById
FNDA:2,save
FNDA:1,update
DA:1,1
DA:2,1
DA:3,1
DA:4,1
DA:5,1
DA:6,1
DA:7,1
DA:8,1
DA:9,2
DA:10,2
DA:11,1
DA:12,1
DA:13,0
DA:14,0
DA:15,0
DA:16,1
DA:17,1
DA:18,3
DA:19,3
DA:20,3
DA:21,3
DA:22,3
DA:23,3
DA:24,3
DA:25,3
DA:26,1
DA:27,1
DA:28,0
DA:29,0
DA:30,0
DA:31,0
DA:32,0
DA:33,0
DA:34,0
DA:35,0
DA:36,0
DA:37,0
DA:38,0
DA:39,1
DA:40,1
DA:41,2
DA:42,2
DA:43,2
DA:44,2
DA:45,2
DA:46,2
DA:47,2
DA:48,2
DA:49,2
DA:50,2
DA:51,2
DA:52,2
DA:53,2
DA:54,2
DA:55,1
DA:56,1
DA:57,1
DA:58,1
DA:59,1
DA:60,1
DA:61,1
DA:62,1
DA:63,1
DA:64,1
DA:65,1
DA:66,1
DA:67,1
DA:68,1
DA:69,1
DA:70,1
LF:70
LH:56
BRDA:8,0,0,2
BRDA:17,1,0,3
BRDA:40,2,0,2
BRDA:56,3,0,1
BRF:4
BRH:4
end_of_record
TN:
SF:src/useCases/CreateUser/CreateUserUseCase.ts
FN:9,CreateUserUseCase
FN:14,execute
FNF:2
FNH:2
FNDA:2,CreateUserUseCase
FNDA:3,execute
DA:1,1
DA:2,1
DA:3,1
DA:4,1
DA:5,1
DA:6,1
DA:7,1
DA:8,1
DA:9,1
DA:10,2
DA:11,2
DA:12,2
DA:13,1
DA:14,1
DA:15,3
DA:16,3
DA:17,3
DA:18,1
DA:19,1
DA:20,2
DA:21,2
DA:22,2
DA:23,2
DA:24,2
DA:25,2
DA:26,2
DA:27,2
DA:28,2
DA:29,2
DA:30,2
DA:31,2
DA:32,2
DA:33,2
DA:34,2
DA:35,2
DA:36,2
DA:37,2
DA:38,2
DA:39,2
DA:40,2
DA:41,1
LF:41
LH:41
BRDA:9,0,0,2
BRDA:14,1,0,3
BRDA:17,2,0,2
BRDA:17,3,0,1
BRF:4
BRH:4
end_of_record
TN:
SF:src/useCases/UpdateUser/UpdateUserUseCase.ts
FN:5,UpdateUserUseCase
FN:9,execute
FNF:2
FNH:2
FNDA:1,UpdateUserUseCase
FNDA:1,execute
DA:1,1
DA:2,1
DA:3,1
DA:4,1
DA:5,1
DA:6,1
DA:7,1
DA:8,1
DA:9,1
DA:10,1
DA:11,1
DA:12,1
DA:13,1
DA:14,1
LF:14
LH:14
BRDA:5,0,0,1
BRDA:9,1,0,1
BRF:2
BRH:2
end_of_record
