TN:
SF:src/entities/User.ts
FN:10,User
FNF:1
FNH:1
FNDA:3,User
DA:1,1
DA:2,1
DA:3,1
DA:4,1
DA:5,1
DA:6,1
DA:7,1
DA:8,1
DA:9,1
DA:10,1
DA:11,3
DA:12,3
DA:13,3
DA:14,3
DA:15,3
DA:16,3
DA:17,1
LF:17
LH:17
BRDA:10,0,0,3
BRF:1
BRH:1
end_of_record
TN:
SF:src/providers/implementations/MailtrapMailProvider.ts
FN:7,MailtrapMailProvider
FN:18,sendMail
FNF:2
FNH:1
FNDA:1,MailtrapMailProvider
FNDA:0,sendMail
DA:1,1
DA:2,1
DA:3,1
DA:4,1
DA:5,1
DA:6,1
DA:7,1
DA:8,1
DA:9,1
DA:10,1
DA:11,1
DA:12,1
DA:13,1
DA:14,1
DA:15,1
DA:16,1
DA:17,1
DA:18,1
DA:19,0
DA:20,0
DA:21,0
DA:22,0
DA:23,0
DA:24,0
DA:25,0
DA:26,0
DA:27,0
DA:28,0
DA:29,0
DA:30,0
DA:31,0
DA:32,1
LF:32
LH:19
BRDA:7,0,0,1
BRF:1
BRH:1
end_of_record
TN:
SF:src/repositories/implementations/PostgresUsersRepository.ts
FN:4,PostgresUsersRepository
FN:9,findByEmail
FN:15,findById
FN:21,save
FNF:4
FNH:3
FNDA:1,PostgresUsersRepository
FNDA:2,findByEmail
FNDA:0,findById
FNDA:1,save
DA:1,1
DA:2,1
DA:3,1
DA:4,1
DA:5,1
DA:6,1
DA:7,1
DA:8,1
DA:9,1
DA:10,2
DA:11,2
DA:12,2
DA:13,2
DA:14,1
DA:15,1
DA:16,0
DA:17,0
DA:18,0
DA:19,0
DA:20,1
DA:21,1
DA:22,1
DA:23,1
DA:24,1
LF:24
LH:20
BRDA:4,0,0,1
BRDA:9,1,0,2
BRDA:10,2,0,3
BRDA:21,3,0,1
BRF:4
BRH:4
end_of_record
TN:
SF:src/useCases/CreateUser/CreateUserUseCase.ts
FN:7,CreateUserUseCase
FN:12,execute
FNF:2
FNH:2
FNDA:1,CreateUserUseCase
FNDA:2,execute
DA:1,1
DA:2,1
DA:3,1
DA:4,1
DA:5,1
DA:6,1
DA:7,1
DA:8,1
DA:9,1
DA:10,1
DA:11,1
DA:12,1
DA:13,2
DA:14,2
DA:15,2
DA:16,1
DA:17,1
DA:18,1
DA:19,1
DA:20,1
DA:21,1
DA:22,1
DA:23,1
DA:24,1
DA:25,1
DA:26,1
DA:27,1
DA:28,1
DA:29,1
DA:30,1
DA:31,1
DA:32,1
DA:33,1
DA:34,1
DA:35,1
DA:36,1
DA:37,1
DA:38,1
LF:38
LH:38
BRDA:7,0,0,1
BRDA:12,1,0,2
BRDA:15,2,0,1
BRF:3
BRH:3
end_of_record
